Build started 23.12.2015 21:57:46.
     1>Project "C:\Users\BOGDAN\Documents\GitHub\ObjectTracking\ObjectTracking\ObjectTracking\ObjectTracking.vcxproj" on node 2 (Build target(s)).
     1>ClCompile:
         D:\Program Files (x86)\Microsoft Visual Studio 12.0\VC\bin\CL.exe /c /IC:\opencv\opcv2.4.11\opencv\build\x86\vc12\..\..\include /ZI /nologo /W3 /WX- /sdl /Od /Oy- /D WIN32 /D _DEBUG /D _CONSOLE /D _LIB /D _UNICODE /D UNICODE /Gm /EHsc /RTC1 /MDd /GS /fp:precise /Zc:wchar_t /Zc:forScope /Fo"Debug\\" /Fd"Debug\vc120.pdb" /Gd /TP /analyze- /errorReport:prompt Object.cpp ObjectFinder.cpp ObjectTracker.cpp Source.cpp
         Source.cpp
     1>c:\users\bogdan\documents\github\objecttracking\objecttracking\objecttracking\objecttracker.h(14): error C2061: syntax error : identifier 'Object'
     1>c:\users\bogdan\documents\github\objecttracking\objecttracking\objecttracking\objecttracker.h(14): error C2535: 'ObjectTracker::ObjectTracker(void)' : member function already defined or declared
                 c:\users\bogdan\documents\github\objecttracking\objecttracking\objecttracking\objecttracker.h(12) : see declaration of 'ObjectTracker::ObjectTracker'
     1>c:\users\bogdan\documents\github\objecttracking\objecttracking\objecttracking\objecttracker.h(25): error C2146: syntax error : missing ';' before identifier 'finder'
     1>c:\users\bogdan\documents\github\objecttracking\objecttracking\objecttracking\objecttracker.h(25): error C4430: missing type specifier - int assumed. Note: C++ does not support default-int
     1>c:\users\bogdan\documents\github\objecttracking\objecttracking\objecttracking\objecttracker.h(26): error C2146: syntax error : missing ';' before identifier 'object'
     1>c:\users\bogdan\documents\github\objecttracking\objecttracking\objecttracking\objecttracker.h(26): error C4430: missing type specifier - int assumed. Note: C++ does not support default-int
     1>c:\users\bogdan\documents\github\objecttracking\objecttracking\objecttracking\objectfinder.h(27): error C2061: syntax error : identifier 'Object'
     1>c:\users\bogdan\documents\github\objecttracking\objecttracking\objecttracking\source.cpp(128): error C2440: '<function-style-cast>' : cannot convert from 'Object' to 'ObjectTracker'
                 No constructor could take the source type, or constructor overload resolution was ambiguous
         ObjectTracker.cpp
     1>c:\users\bogdan\documents\github\objecttracking\objecttracking\objecttracking\objectfinder.h(27): error C2061: syntax error : identifier 'Object'
     1>c:\users\bogdan\documents\github\objecttracking\objecttracking\objecttracking\objecttracker.cpp(61): error C2660: 'ObjectFinder::find' : function does not take 3 arguments
         Object.cpp
     1>c:\users\bogdan\documents\github\objecttracking\objecttracking\objecttracking\objectfinder.h(27): error C2061: syntax error : identifier 'Object'
         Generating Code...
         Compiling...
         ObjectFinder.cpp
     1>c:\users\bogdan\documents\github\objecttracking\objecttracking\objecttracking\objectfinder.cpp(119): warning C4244: 'argument' : conversion from 'float' to 'int', possible loss of data
     1>c:\users\bogdan\documents\github\objecttracking\objecttracking\objecttracking\objectfinder.cpp(120): warning C4244: 'argument' : conversion from 'float' to 'int', possible loss of data
     1>c:\users\bogdan\documents\github\objecttracking\objecttracking\objecttracking\objectfinder.cpp(121): warning C4244: 'argument' : conversion from 'float' to 'int', possible loss of data
     1>c:\users\bogdan\documents\github\objecttracking\objecttracking\objecttracking\objectfinder.cpp(122): warning C4244: 'argument' : conversion from 'float' to 'int', possible loss of data
         Generating Code...
     1>Done Building Project "C:\Users\BOGDAN\Documents\GitHub\ObjectTracking\ObjectTracking\ObjectTracking\ObjectTracking.vcxproj" (Build target(s)) -- FAILED.

Build FAILED.

Time Elapsed 00:00:09.30
